f:\vs项目\c++提高\第三阶段-录制代码\01 类模板语法\01 类模板语法\debug\vc141.pdb
f:\vs项目\c++提高\第三阶段-录制代码\01 类模板语法\01 类模板语法\debug\vc141.idb
f:\vs项目\c++提高\第三阶段-录制代码\01 类模板语法\01 类模板语法\debug\02 类模板与函数模板区别.obj
f:\vs项目\c++提高\第三阶段-录制代码\01 类模板语法\01 类模板语法\debug\01 类模板语法.obj
f:\vs项目\c++提高\第三阶段-录制代码\01 类模板语法\01 类模板语法\debug\03 类模板中成员函数创建时机.obj
f:\vs项目\c++提高\第三阶段-录制代码\01 类模板语法\01 类模板语法\debug\05 类模板与继承.obj
f:\vs项目\c++提高\第三阶段-录制代码\01 类模板语法\01 类模板语法\debug\04 类模板对象做函数参数.obj
f:\vs项目\c++提高\第三阶段-录制代码\01 类模板语法\01 类模板语法\debug\06 类模板成员函数类外实现.obj
f:\vs项目\c++提高\第三阶段-录制代码\01 类模板语法\01 类模板语法\debug\person.obj
f:\vs项目\c++提高\第三阶段-录制代码\01 类模板语法\01 类模板语法\debug\07 类模板分文件编写.obj
f:\vs项目\c++提高\第三阶段-录制代码\01 类模板语法\01 类模板语法\debug\08 类模板与友元.obj
f:\vs项目\c++提高\第三阶段-录制代码\01 类模板语法\debug\01 类模板语法.exe
f:\vs项目\c++提高\第三阶段-录制代码\01 类模板语法\debug\01 类模板语法.ilk
f:\vs项目\c++提高\第三阶段-录制代码\01 类模板语法\debug\01 类模板语法.pdb
f:\vs项目\c++提高\第三阶段-录制代码\01 类模板语法\01 类模板语法\debug\01 类模板语法.tlog\cl.command.1.tlog
f:\vs项目\c++提高\第三阶段-录制代码\01 类模板语法\01 类模板语法\debug\01 类模板语法.tlog\cl.read.1.tlog
f:\vs项目\c++提高\第三阶段-录制代码\01 类模板语法\01 类模板语法\debug\01 类模板语法.tlog\cl.write.1.tlog
f:\vs项目\c++提高\第三阶段-录制代码\01 类模板语法\01 类模板语法\debug\01 类模板语法.tlog\link.command.1.tlog
f:\vs项目\c++提高\第三阶段-录制代码\01 类模板语法\01 类模板语法\debug\01 类模板语法.tlog\link.read.1.tlog
f:\vs项目\c++提高\第三阶段-录制代码\01 类模板语法\01 类模板语法\debug\01 类模板语法.tlog\link.write.1.tlog
